\BOOKMARK [0][]{chapter.1}{Basic Principles}{}% 1
\BOOKMARK [1][]{section.1.1}{Problem Types}{chapter.1}% 2
\BOOKMARK [1][]{section.1.2}{Derivations}{chapter.1}% 3
\BOOKMARK [1][]{section.1.3}{Concepts}{chapter.1}% 4
\BOOKMARK [1][]{section.1.4}{Equations}{chapter.1}% 5
\BOOKMARK [2][]{subsection.1.4.1}{Arbitrary Potential Oscillation Period}{section.1.4}% 6
\BOOKMARK [2][]{subsection.1.4.2}{Virial Theorem}{section.1.4}% 7
\BOOKMARK [2][]{subsection.1.4.3}{Taylor's u-Equation}{section.1.4}% 8
\BOOKMARK [0][]{chapter.2}{Accelerated Coordinate Systems}{}% 9
\BOOKMARK [1][]{section.2.1}{Problem Types}{chapter.2}% 10
\BOOKMARK [1][]{section.2.2}{Derivations}{chapter.2}% 11
\BOOKMARK [1][]{section.2.3}{Concepts}{chapter.2}% 12
\BOOKMARK [1][]{section.2.4}{Equations}{chapter.2}% 13
\BOOKMARK [2][]{subsection.2.4.1}{General Fictitious Forces Eq.}{section.2.4}% 14
\BOOKMARK [0][]{chapter.3}{Lagrangian Dynamics}{}% 15
\BOOKMARK [1][]{section.3.1}{Problem Types}{chapter.3}% 16
\BOOKMARK [2][]{subsection.3.1.1}{Find the Equilibrium Configuration}{section.3.1}% 17
\BOOKMARK [2][]{subsection.3.1.2}{find stability or frequency of oscillations about equilibrium}{section.3.1}% 18
\BOOKMARK [2][]{subsection.3.1.3}{Solve the Brachistochrone Problem}{section.3.1}% 19
\BOOKMARK [1][]{section.3.2}{Derivations}{chapter.3}% 20
\BOOKMARK [2][]{subsection.3.2.1}{Gauge Invariance of EM Lagrangian}{section.3.2}% 21
\BOOKMARK [1][]{section.3.3}{Concepts}{chapter.3}% 22
\BOOKMARK [1][]{section.3.4}{Equations}{chapter.3}% 23
\BOOKMARK [2][]{subsection.3.4.1}{Euler-Lagrange Eq.'s}{section.3.4}% 24
\BOOKMARK [2][]{subsection.3.4.2}{Invariance of the Lagrangian}{section.3.4}% 25
\BOOKMARK [0][]{chapter.4}{Small Oscillations}{}% 26
\BOOKMARK [1][]{section.4.1}{Problem Types}{chapter.4}% 27
\BOOKMARK [1][]{section.4.2}{Derivations}{chapter.4}% 28
\BOOKMARK [1][]{section.4.3}{Concepts}{chapter.4}% 29
\BOOKMARK [1][]{section.4.4}{Equations}{chapter.4}% 30
\BOOKMARK [0][]{chapter.5}{Rigid Bodies}{}% 31
\BOOKMARK [1][]{section.5.1}{Problem Types}{chapter.5}% 32
\BOOKMARK [1][]{section.5.2}{Derivations}{chapter.5}% 33
\BOOKMARK [1][]{section.5.3}{Concepts}{chapter.5}% 34
\BOOKMARK [1][]{section.5.4}{Equations}{chapter.5}% 35
\BOOKMARK [2][]{subsection.5.4.1}{Parallel Axis Theorem}{section.5.4}% 36
\BOOKMARK [0][]{chapter.6}{Hamiltonian Dynamics}{}% 37
\BOOKMARK [1][]{section.6.1}{Problem Types}{chapter.6}% 38
\BOOKMARK [1][]{section.6.2}{Derivations}{chapter.6}% 39
\BOOKMARK [1][]{section.6.3}{Concepts}{chapter.6}% 40
\BOOKMARK [1][]{section.6.4}{Equations}{chapter.6}% 41
\BOOKMARK [2][]{subsection.6.4.1}{Hamilton-Jacobi Equation}{section.6.4}% 42
\BOOKMARK [2][]{subsection.6.4.2}{Hamilton's Eq.'s}{section.6.4}% 43
